
> @jarvis/dashboard@0.0.1 build /var/www/jarvis/apps/dashboard
> next build

   ▲ Next.js 16.0.10 (Turbopack)
   - Environments: .env.local
   - Experiments (use with caution):
     · serverActions

 ⚠ The "middleware" file convention is deprecated. Please use "proxy" instead. Learn more: https://nextjs.org/docs/messages/middleware-to-proxy
   Creating an optimized production build ...
 ✓ Compiled successfully in 9.3s
   Running TypeScript ...
   Collecting page data using 9 workers ...
   Generating static pages using 9 workers (0/11) ...
   Generating static pages using 9 workers (2/11) 
   Generating static pages using 9 workers (5/11) 
   Generating static pages using 9 workers (8/11) 
 ✓ Generating static pages using 9 workers (11/11) in 1574.9ms
   Finalizing page optimization ...

Route (app)
┌ ○ /
├ ○ /_not-found
├ ƒ /api/auth/[...nextauth]
├ ƒ /api/chat
├ ƒ /api/chat/[conversationId]
├ ○ /dashboard
├ ○ /dashboard/chat
├ ○ /dashboard/conversations
├ ○ /dashboard/memory
├ ○ /dashboard/performance
├ ○ /dashboard/settings
└ ○ /login


ƒ Proxy (Middleware)

○  (Static)   prerendered as static content
ƒ  (Dynamic)  server-rendered on demand

